<?xml version="1.0" encoding="UTF-8"?>
<!-- Generated by org.testng.reporters.JUnitReportReporter -->
<testsuite hostname="ITLC3ML593" failures="0" tests="7" name="tests.MovieTestAPIandUI" time="21.020" errors="0" timestamp="2021-09-06T08:16:03 CAT" skipped="0">
  <testcase classname="tests.MovieTestAPIandUI" name="getRequestReal" time="1.235"/>
  <system-out/>
  <testcase classname="tests.MovieTestAPIandUI" name="GIVEN_NavigationToSignIn_AND_OnlypasswordEntered_AND_clickSignInButtonClicked_THEN_Error" time="3.513"/>
  <system-out/>
  <testcase classname="tests.MovieTestAPIandUI" name="TestsUsingDataProvider" time="2.522"/>
  <system-out/>
  <testcase classname="tests.MovieTestAPIandUI" name="TestsUsingDataProvider" time="2.289"/>
  <system-out/>
  <testcase classname="tests.MovieTestAPIandUI" name="TestsUsingDataProvider" time="2.723"/>
  <system-out/>
  <testcase classname="tests.MovieTestAPIandUI" name="GIVEN_NavigationToSignIn_AND_InvalidUserNameEntered_AND_clickSignInButtonClicked_THEN_Error" time="5.082"/>
  <system-out/>
  <testcase classname="tests.MovieTestAPIandUI" name="GIVEN_NavigationToSignIn_AND_ValidBUTIcorrectUserNameEntered_AND_clickSignInButtonClicked_THEN_Error" time="3.656"/>
  <system-out/>
</testsuite> <!-- tests.MovieTestAPIandUI -->
